D:\jwl\2주차\exer_1\Debug\exer_1.exe
D:\jwl\2주차\exer_1\Debug\exer_1.ilk
D:\jwl\2주차\exer_1\Debug\exer_1.pdb
D:\jwl\2주차\exer_1\exer_1\Debug\cl.command.1.tlog
D:\jwl\2주차\exer_1\exer_1\Debug\CL.read.1.tlog
D:\jwl\2주차\exer_1\exer_1\Debug\CL.write.1.tlog
D:\JWL\2주차\EXER_1\EXER_1\DEBUG\EXER_1.EXE.EMBED.MANIFEST
D:\JWL\2주차\EXER_1\EXER_1\DEBUG\EXER_1.EXE.EMBED.MANIFEST.RES
D:\jwl\2주차\exer_1\exer_1\Debug\exer_1.exe.intermediate.manifest
D:\JWL\2주차\EXER_1\EXER_1\DEBUG\EXER_1.OBJ
D:\jwl\2주차\exer_1\exer_1\Debug\exer_1.vcxprojResolveAssemblyReference.cache
D:\jwl\2주차\exer_1\exer_1\Debug\exer_1.write.1.tlog
D:\jwl\2주차\exer_1\exer_1\Debug\exer_1_manifest.rc
D:\jwl\2주차\exer_1\exer_1\Debug\link.6492.read.1.tlog
D:\jwl\2주차\exer_1\exer_1\Debug\link.6492.write.1.tlog
D:\jwl\2주차\exer_1\exer_1\Debug\link.6492-cvtres.read.1.tlog
D:\jwl\2주차\exer_1\exer_1\Debug\link.6492-cvtres.write.1.tlog
D:\jwl\2주차\exer_1\exer_1\Debug\link.command.1.tlog
D:\jwl\2주차\exer_1\exer_1\Debug\link.read.1.tlog
D:\jwl\2주차\exer_1\exer_1\Debug\link.write.1.tlog
D:\jwl\2주차\exer_1\exer_1\Debug\link-cvtres.read.1.tlog
D:\jwl\2주차\exer_1\exer_1\Debug\link-cvtres.write.1.tlog
D:\jwl\2주차\exer_1\exer_1\Debug\mt.command.1.tlog
D:\jwl\2주차\exer_1\exer_1\Debug\mt.read.1.tlog
D:\jwl\2주차\exer_1\exer_1\Debug\mt.write.1.tlog
D:\jwl\2주차\exer_1\exer_1\Debug\rc.command.1.tlog
D:\jwl\2주차\exer_1\exer_1\Debug\rc.read.1.tlog
D:\jwl\2주차\exer_1\exer_1\Debug\rc.write.1.tlog
D:\jwl\2주차\exer_1\exer_1\Debug\vc100.idb
D:\JWL\2주차\EXER_1\EXER_1\DEBUG\VC100.PDB
