빌드 시작: 16-10-07 오전 12:56:30
     1>2 노드의 "C:\Users\narye\OneDrive\학교공부\2학년2학기\컴퓨터비전\과제2\remap사용\remap사용.vcxproj" 프로젝트(build 대상)입니다.
     1>InitializeBuildStatus:
         "AlwaysCreate"이(가) 지정되었기 때문에 "Debug\remap사용.unsuccessfulbuild"을(를) 만들고 있습니다.
       ClCompile:
         C:\Program Files (x86)\Microsoft Visual Studio 10.0\VC\bin\CL.exe /c /ZI /nologo /W3 /WX- /Od /Oy- /D WIN32 /D _DEBUG /D _CONSOLE /D _UNICODE /D UNICODE /Gm /EHsc /RTC1 /MDd /GS /fp:precise /Zc:wchar_t /Zc:forScope /Fo"Debug\\" /Fd"Debug\vc100.pdb" /Gd /TP /analyze- /errorReport:prompt "remap사용.cpp"
         remap사용.cpp
     1>c:\users\narye\onedrive\학교공부\2학년2학기\컴퓨터비전\과제2\remap사용\remap사용.cpp(18): warning C4244: '=' : 'int'에서 'float'(으)로 변환하면서 데이터가 손실될 수 있습니다.
     1>c:\users\narye\onedrive\학교공부\2학년2학기\컴퓨터비전\과제2\remap사용\remap사용.cpp(19): warning C4244: '=' : 'int'에서 'float'(으)로 변환하면서 데이터가 손실될 수 있습니다.
       ManifestResourceCompile:
         모든 출력이 최신 상태입니다.
       Link:
         C:\Program Files (x86)\Microsoft Visual Studio 10.0\VC\bin\link.exe /ERRORREPORT:PROMPT /OUT:"C:\Users\narye\OneDrive\학교공부\2학년2학기\컴퓨터비전\과제2\Debug\remap사용.exe" /INCREMENTAL /NOLOGO opencv_core249d.lib opencv_highgui249d.lib opencv_imgproc249d.lib kernel32.lib user32.lib gdi32.lib winspool.lib comdlg32.lib advapi32.lib shell32.lib ole32.lib oleaut32.lib uuid.lib odbc32.lib odbccp32.lib /MANIFEST /ManifestFile:"Debug\remap사용.exe.intermediate.manifest" /MANIFESTUAC:"level='asInvoker' uiAccess='false'" /DEBUG /PDB:"C:\Users\narye\OneDrive\학교공부\2학년2학기\컴퓨터비전\과제2\Debug\remap사용.pdb" /SUBSYSTEM:CONSOLE /TLBID:1 /DYNAMICBASE /NXCOMPAT /IMPLIB:"C:\Users\narye\OneDrive\학교공부\2학년2학기\컴퓨터비전\과제2\Debug\remap사용.lib" /MACHINE:X86 "Debug\remap사용.exe.embed.manifest.res"
         "Debug\remap사용.obj"
       Manifest:
         C:\Program Files (x86)\Microsoft SDKs\Windows\v7.0A\bin\mt.exe /nologo /verbose /out:"Debug\remap사용.exe.embed.manifest" /manifest "Debug\remap사용.exe.intermediate.manifest"
         모든 출력이 최신 상태입니다.
       LinkEmbedManifest:
         모든 출력이 최신 상태입니다.
         remap사용.vcxproj -> C:\Users\narye\OneDrive\학교공부\2학년2학기\컴퓨터비전\과제2\Debug\remap사용.exe
       FinalizeBuildStatus:
         "Debug\remap사용.unsuccessfulbuild" 파일을 삭제하고 있습니다.
         "Debug\remap사용.lastbuildstate"에 연결(touching)하고 있습니다.
     1>"C:\Users\narye\OneDrive\학교공부\2학년2학기\컴퓨터비전\과제2\remap사용\remap사용.vcxproj" 프로젝트를 빌드했습니다(build 대상).

빌드했습니다.

경과 시간: 00:00:01.03
