빌드 시작: 16-10-07 오전 1:25:26
     1>2 노드의 "C:\Users\narye\OneDrive\학교공부\2학년2학기\컴퓨터비전\과제2\lap칼라\lap칼라.vcxproj" 프로젝트(build 대상)입니다.
     1>InitializeBuildStatus:
         "AlwaysCreate"이(가) 지정되었기 때문에 "Debug\lap칼라.unsuccessfulbuild"을(를) 만들고 있습니다.
       ClCompile:
         C:\Program Files (x86)\Microsoft Visual Studio 10.0\VC\bin\CL.exe /c /ZI /nologo /W3 /WX- /Od /Oy- /D WIN32 /D _DEBUG /D _CONSOLE /D _UNICODE /D UNICODE /Gm /EHsc /RTC1 /MDd /GS /fp:precise /Zc:wchar_t /Zc:forScope /Fo"Debug\\" /Fd"Debug\vc100.pdb" /Gd /TP /analyze- /errorReport:prompt colorDetector.cpp "lap칼라.cpp"
         colorDetector.cpp
         코드를 생성하고 있습니다...
         컴파일하고 있습니다...
         lap칼라.cpp
         코드를 생성하고 있습니다...
       ManifestResourceCompile:
         모든 출력이 최신 상태입니다.
       Link:
         C:\Program Files (x86)\Microsoft Visual Studio 10.0\VC\bin\link.exe /ERRORREPORT:PROMPT /OUT:"C:\Users\narye\OneDrive\학교공부\2학년2학기\컴퓨터비전\과제2\Debug\lap칼라.exe" /INCREMENTAL /NOLOGO opencv_core249d.lib opencv_highgui249d.lib opencv_imgproc249d.lib kernel32.lib user32.lib gdi32.lib winspool.lib comdlg32.lib advapi32.lib shell32.lib ole32.lib oleaut32.lib uuid.lib odbc32.lib odbccp32.lib /MANIFEST /ManifestFile:"Debug\lap칼라.exe.intermediate.manifest" /MANIFESTUAC:"level='asInvoker' uiAccess='false'" /DEBUG /PDB:"C:\Users\narye\OneDrive\학교공부\2학년2학기\컴퓨터비전\과제2\Debug\lap칼라.pdb" /SUBSYSTEM:CONSOLE /TLBID:1 /DYNAMICBASE /NXCOMPAT /IMPLIB:"C:\Users\narye\OneDrive\학교공부\2학년2학기\컴퓨터비전\과제2\Debug\lap칼라.lib" /MACHINE:X86 "Debug\lap칼라.exe.embed.manifest.res"
         Debug\colorDetector.obj
         "Debug\lap칼라.obj"
       Manifest:
         C:\Program Files (x86)\Microsoft SDKs\Windows\v7.0A\bin\mt.exe /nologo /verbose /out:"Debug\lap칼라.exe.embed.manifest" /manifest "Debug\lap칼라.exe.intermediate.manifest"
         모든 출력이 최신 상태입니다.
       LinkEmbedManifest:
         모든 출력이 최신 상태입니다.
         lap칼라.vcxproj -> C:\Users\narye\OneDrive\학교공부\2학년2학기\컴퓨터비전\과제2\Debug\lap칼라.exe
       FinalizeBuildStatus:
         "Debug\lap칼라.unsuccessfulbuild" 파일을 삭제하고 있습니다.
         "Debug\lap칼라.lastbuildstate"에 연결(touching)하고 있습니다.
     1>"C:\Users\narye\OneDrive\학교공부\2학년2학기\컴퓨터비전\과제2\lap칼라\lap칼라.vcxproj" 프로젝트를 빌드했습니다(build 대상).

빌드했습니다.

경과 시간: 00:00:01.70
